[debug] [2022-01-29T21:14:28.953Z] ----------------------------------------------------------------------
[debug] [2022-01-29T21:14:28.954Z] Command:       /usr/local/bin/node /opt/homebrew/bin/firebase init
[debug] [2022-01-29T21:14:28.955Z] CLI Version:   10.1.2
[debug] [2022-01-29T21:14:28.955Z] Platform:      darwin
[debug] [2022-01-29T21:14:28.955Z] Node Version:  v14.17.3
[debug] [2022-01-29T21:14:28.959Z] Time:          Sun Jan 30 2022 01:14:28 GMT+0400 (Armenia Standard Time)
[debug] [2022-01-29T21:14:28.959Z] ----------------------------------------------------------------------
[debug] 
[debug] [2022-01-29T21:14:29.008Z] > command requires scopes: ["email","openid","https://www.googleapis.com/auth/cloudplatformprojects.readonly","https://www.googleapis.com/auth/firebase","https://www.googleapis.com/auth/cloud-platform"]
[debug] [2022-01-29T21:14:29.008Z] > authorizing via signed-in user (vardgeshyan@gmail.com)
[info] 
     ######## #### ########  ######## ########     ###     ######  ########
     ##        ##  ##     ## ##       ##     ##  ##   ##  ##       ##
     ######    ##  ########  ######   ########  #########  ######  ######
     ##        ##  ##    ##  ##       ##     ## ##     ##       ## ##
     ##       #### ##     ## ######## ########  ##     ##  ######  ########

You're about to initialize a Firebase project in this directory:

  /Users/vardges/Desktop/Projects/react-docker-aws

Before we get started, keep in mind:

  * You are initializing within an existing Firebase project directory

